<?xml version="1.0" encoding="UTF-8"?>
<AsynchronousTrace controlPort="${global_e2e_configuration_controller_Port}" host="localhost">
   <Service>
      <Name>Casin_Final_ServiceService</Name>
      <Stereotype>E2ESOAPService</Stereotype>
      <Class>
         <Name>FinalService</Name>
         <Stereotype>E2ESOAPPortType</Stereotype>
         <Operation>
            <Name>allParameters</Name>
            <Namespace>urn:Services.FinalExercise.FinalExerciseService.FinalService</Namespace>
            <Type>urn:Services.FinalExercise.FinalExerciseService.FinalService.allParameters</Type>
         </Operation>
         <Operation>
            <Name>iteration</Name>
            <Namespace>urn:Services.FinalExercise.FinalExerciseService.FinalService</Namespace>
            <Type>urn:Services.FinalExercise.FinalExerciseService.FinalService.iteration</Type>
         </Operation>
         <Operation>
            <Name>iteration2</Name>
            <Namespace>urn:Services.FinalExercise.FinalExerciseService.FinalService</Namespace>
            <Type>urn:Services.FinalExercise.FinalExerciseService.FinalService.iteration2</Type>
         </Operation>
      </Class>
   </Service>
   <Service>
      <Name>TranslatorLibraryService</Name>
      <Stereotype>E2ESOAPService</Stereotype>
      <Class>
         <Name>NumberTranslatorPortType</Name>
         <Stereotype>E2ESOAPPortType</Stereotype>
         <Operation>
            <Name>operation1</Name>
            <Namespace>urn:Services.NumberTranslator.NumberTranslator.NumberTranslatorPortType</Namespace>
            <Type>urn:Services.NumberTranslator.NumberTranslator.NumberTranslatorPortType.operation1</Type>
         </Operation>
      </Class>
   </Service>
</AsynchronousTrace>