[2025-07-31 11:21:42 +0800][0000000000][Info][Internal][SRVLM][2][Starting up. Runtime "2019.3" (win32-64), IP "172.20.8.33", Host "DESKTOP-0BOPAP5", Process ID "23280".]
[2025-07-31 11:21:42 +0800][0000000000][Info][Internal][LCELM][15][Using valid license.]
[2025-07-31 11:21:42 +0800][0000000000][Info][Internal][ADDLM][5][Loaded addon "Flows" successfully.]
[2025-07-31 11:21:42 +0800][0000000000][Info][Internal][ADDLM][5][Loaded addon "Functions" successfully.]
[2025-07-31 11:21:42 +0800][0000000000][Info][Internal][ADDLM][5][Loaded addon "XML_Function" successfully.]
[2025-07-31 11:21:42 +0800][0000000000][Info][Internal][ADDLM][5][Loaded addon "SOAP_AddOn" successfully.]
[2025-07-31 11:21:42 +0800][0000000000][Info][Internal][ADDLM][5][Loaded addon "SQL_AddOn" successfully.]
[2025-07-31 11:21:42 +0800][0000000000][Info][Internal][ADDLM][5][Loaded addon "CronTab_AddOn" successfully.]
[2025-07-31 11:21:42 +0800][0000000000][Info][Internal][ADDLM][5][Loaded addon "LOG_AddOn" successfully.]
[2025-07-31 11:21:42 +0800][0000000000][Info][Internal][SRVLM][3][Startup done.]
[2025-07-31 11:21:46 +0800][0000000000][Info][User][][][Makati]
[2025-07-31 11:21:46 +0800][0000000000][Info][User][][][TEST]
[2025-07-31 11:22:00 +0800][0000000000][Info][User][][][Makati]
[2025-07-31 11:22:00 +0800][0000000000][Info][User][][][TEST]
[2025-07-31 11:23:01 +0800][0000000000][Info][User][][][Makati]
[2025-07-31 11:23:01 +0800][0000000000][Info][User][][][TEST]
[2025-07-31 11:24:01 +0800][0000000000][Info][User][][][Makati]
[2025-07-31 11:24:01 +0800][0000000000][Info][User][][][TEST]
[2025-07-31 11:25:00 +0800][0000000000][Info][User][][][Makati]
[2025-07-31 11:25:00 +0800][0000000000][Info][User][][][TEST]
[2025-07-31 11:26:01 +0800][0000000000][Info][User][][][Makati]
[2025-07-31 11:26:01 +0800][0000000000][Info][User][][][TEST]
[2025-07-31 11:26:10 +0800][0000000000][Info][Internal][SRVLM][5][Shutting down...]
[2025-07-31 11:26:10 +0800][0000000000][Info][Internal][BELM][35][The "SOAPService" is shutting down ...]
[2025-07-31 11:26:10 +0800][0000000000][Info][Internal][BELM][36][The "SOAPService" was shut down.]
[2025-07-31 11:26:10 +0800][0000000000][Info][Internal][BELM][35][The "SchedulerService" is shutting down ...]
[2025-07-31 11:26:11 +0800][0000000000][Info][Internal][BELM][36][The "SchedulerService" was shut down.]
[2025-07-31 11:26:11 +0800][0000000000][Info][Internal][BELM][35][The "RESTService" is shutting down ...]
[2025-07-31 11:26:11 +0800][0000000000][Info][Internal][BELM][36][The "RESTService" was shut down.]
[2025-07-31 11:26:13 +0800][0000000000][Info][Internal][SRVLM][6][Shutdown complete.]
